  sortari.cpp
C:\Users\Bogdan\source\repos\Project1\Project1\utile.cpp(18,23): warning C4018: '<': signed/unsigned mismatch
C:\Users\Bogdan\source\repos\Project1\Project1\merge_sort.cpp(48,26): warning C4244: 'argument': conversion from '__int64' to 'int', possible loss of data
C:\Users\Bogdan\source\repos\Project1\Project1\merge_sort.cpp(49,26): warning C4244: 'argument': conversion from '__int64' to 'int', possible loss of data
C:\Users\Bogdan\source\repos\Project1\Project1\merge_sort.cpp(50,26): warning C4244: 'argument': conversion from '__int64' to 'int', possible loss of data
C:\Users\Bogdan\source\repos\Project1\Project1\radix_sort.cpp(28,28): warning C4244: 'argument': conversion from '__int64' to 'int', possible loss of data
C:\Users\Bogdan\source\repos\Project1\Project1\quick_sort.cpp(12,18): warning C4244: 'argument': conversion from '__int64' to 'const unsigned int', possible loss of data
C:\Users\Bogdan\source\repos\Project1\Project1\quick_sort.cpp(13,19): warning C4244: 'argument': conversion from '__int64' to 'const unsigned int', possible loss of data
C:\Users\Bogdan\source\repos\Project1\Project1\quick_sort.cpp(16,8): warning C4244: 'argument': conversion from '__int64' to 'const unsigned int', possible loss of data
C:\Users\Bogdan\source\repos\Project1\Project1\quick_sort.cpp(17,10): warning C4244: 'argument': conversion from '__int64' to 'const unsigned int', possible loss of data
C:\Users\Bogdan\source\repos\Project1\Project1\quick_sort.cpp(18,16): warning C4244: 'argument': conversion from '__int64' to 'const unsigned int', possible loss of data
C:\Users\Bogdan\source\repos\Project1\Project1\quick_sort.cpp(19,9): warning C4244: 'argument': conversion from '__int64' to 'const unsigned int', possible loss of data
C:\Users\Bogdan\source\repos\Project1\Project1\quick_sort.cpp(53,19): warning C4244: 'argument': conversion from '__int64' to 'const unsigned int', possible loss of data
C:\Users\Bogdan\source\repos\Project1\Project1\quick_sort.cpp(54,20): warning C4244: 'argument': conversion from '__int64' to 'const unsigned int', possible loss of data
C:\Users\Bogdan\source\repos\Project1\Project1\quick_sort.cpp(57,9): warning C4244: 'argument': conversion from '__int64' to 'const unsigned int', possible loss of data
C:\Users\Bogdan\source\repos\Project1\Project1\quick_sort.cpp(58,11): warning C4244: 'argument': conversion from '__int64' to 'const unsigned int', possible loss of data
C:\Users\Bogdan\source\repos\Project1\Project1\sortari.cpp(26,23): warning C4018: '<': signed/unsigned mismatch
  Generating code
  2 of 312 functions ( 0.6%) were compiled, the rest were copied from previous compilation.
    0 functions were new in current compilation
    0 functions had inline decision re-evaluated but remain unchanged
  Finished generating code
  Project1.vcxproj -> C:\Users\Bogdan\source\repos\Project1\Release\sortari.exe
